--------------------------------
[2024-04-23 11:34:34] Waldlauf-Programm gestartet.
--------------------------------
--------------------------------
[2024-04-23 11:34:46] Waldlauf-Programm gestartet.
--------------------------------
--------------------------------
[2024-04-23 11:55:07] Waldlauf-Programm gestartet.
--------------------------------
--------------------------------
[2024-04-23 11:55:30] Waldlauf-Programm gestartet.
--------------------------------

[2024-04-23 11:55:31] Lauf 5_2 beendet
--------------------------------
[2024-04-23 12:07:49] Waldlauf-Programm gestartet.
--------------------------------

[2024-04-23 12:07:49] Lauf 5_2 beendet

[2024-04-23 12:08:24] Lauf 10 gestartet
[2024-04-23 12:08:25] Läufer 3 ist angekommen

[2024-04-23 12:08:25] Lauf 5_2 beendet

[2024-04-23 12:08:25] Lauf 5_2 beendet

[2024-04-23 12:08:25] Lauf 10 beendet
--------------------------------
[2024-04-23 12:11:05] Waldlauf-Programm gestartet.
--------------------------------

[2024-04-23 12:11:05] Lauf 5_2 beendet

[2024-04-23 12:11:15] Lauf 10 gestartet
--------------------------------
[2024-04-23 12:11:36] Waldlauf-Programm gestartet.
--------------------------------

[2024-04-23 12:11:37] Lauf 5_2 beendet

[2024-04-23 12:11:42] Lauf 10 gestartet
[2024-04-23 12:11:47] Läufer 3 ist angekommen

[2024-04-23 12:11:47] Lauf 5_2 beendet

[2024-04-23 12:11:47] Lauf 5_2 beendet

[2024-04-23 12:11:47] Lauf 10 beendet
--------------------------------
[2024-04-23 12:15:28] Waldlauf-Programm gestartet.
--------------------------------

[2024-04-23 12:15:29] Lauf 5_2 beendet

[2024-04-23 12:15:43] Lauf 10 gestartet
[2024-04-23 12:15:44] Läufer 3 ist angekommen

[2024-04-23 12:15:45] Lauf 5_2 beendet

[2024-04-23 12:15:45] Lauf 5_2 beendet

[2024-04-23 12:15:45] Lauf 10 beendet
--------------------------------
[2024-04-23 12:16:24] Waldlauf-Programm gestartet.
--------------------------------

[2024-04-23 12:16:25] Lauf 5_2 beendet

[2024-04-23 12:16:28] Lauf 10 gestartet
[2024-04-23 12:16:29] Läufer 3 ist angekommen

[2024-04-23 12:16:29] Lauf 5_2 beendet

[2024-04-23 12:16:30] Lauf 5_2 beendet

[2024-04-23 12:16:30] Lauf 10 beendet

[2024-04-23 12:16:39] Lauf 10 zurückgesetzt

[2024-04-23 12:16:39] Lauf 10 gestartet
[2024-04-23 12:16:41] Läufer 3 ist angekommen

[2024-04-23 12:16:41] Lauf 5_2 beendet

[2024-04-23 12:16:41] Lauf 5_2 beendet

[2024-04-23 12:16:42] Lauf 10 beendet
--------------------------------
[2024-04-23 12:17:05] Waldlauf-Programm gestartet.
--------------------------------

[2024-04-23 12:17:06] Lauf 5_2 beendet

[2024-04-23 12:17:08] Lauf 10 gestartet
[2024-04-23 12:17:09] Läufer 3 ist angekommen

[2024-04-23 12:17:09] Lauf 5_2 beendet

[2024-04-23 12:17:10] Lauf 5_2 beendet

[2024-04-23 12:17:10] Lauf 10 beendet

[2024-04-23 12:17:17] Lauf 10 zurückgesetzt

[2024-04-23 12:17:18] Lauf 10 gestartet
[2024-04-23 12:17:19] Läufer 3 ist angekommen

[2024-04-23 12:17:19] Lauf 5_2 beendet

[2024-04-23 12:17:19] Lauf 5_2 beendet

[2024-04-23 12:17:19] Lauf 10 beendet

[2024-04-23 12:17:23] Lauf 3 gestartet
[2024-04-23 12:17:24] Läufer 1 ist angekommen

[2024-04-23 12:17:24] Lauf 3 beendet

[2024-04-23 12:17:24] Lauf 5_2 beendet

[2024-04-23 12:17:24] Lauf 5_2 beendet

[2024-04-23 12:17:24] Lauf 10 beendet
--------------------------------
[2024-04-23 12:21:54] Waldlauf-Programm gestartet.
--------------------------------

[2024-04-23 12:21:55] Lauf 5_2 beendet

[2024-04-23 12:22:03] Lauf 10 gestartet
[2024-04-23 12:22:04] Läufer 3 ist angekommen

[2024-04-23 12:22:04] Lauf 5_2 beendet

[2024-04-23 12:22:04] Lauf 5_2 beendet

[2024-04-23 12:22:04] Lauf 10 beendet
--------------------------------
[2024-04-23 12:22:27] Waldlauf-Programm gestartet.
--------------------------------

[2024-04-23 12:22:28] Lauf 5_2 beendet

[2024-04-23 12:22:32] Lauf 10 gestartet
[2024-04-23 12:22:33] Läufer 3 ist angekommen

[2024-04-23 12:22:33] Lauf 5_2 beendet

[2024-04-23 12:22:33] Lauf 5_2 beendet

[2024-04-23 12:22:33] Lauf 10 beendet
--------------------------------
[2024-04-23 16:02:53] Waldlauf-Programm gestartet.
--------------------------------

[2024-04-23 16:02:54] Lauf 5_2 beendet
--------------------------------
[2024-04-23 16:18:13] Waldlauf-Programm gestartet.
--------------------------------

[2024-04-23 16:18:13] Lauf 5_2 beendet

[2024-04-23 16:18:17] Lauf 10 gestartet
[2024-04-23 16:18:20] Läufer 3 ist angekommen

[2024-04-23 16:18:20] Lauf 5_2 beendet

[2024-04-23 16:18:20] Lauf 5_2 beendet

[2024-04-23 16:18:20] Lauf 10 beendet

[2024-04-23 16:18:23] Lauf 10 zurückgesetzt

[2024-04-23 16:18:49] Lauf 5_2 beendet

[2024-04-23 16:18:49] Lauf 5_2 beendet

[2024-04-23 16:18:56] Lauf 3 gestartet
[2024-04-23 16:19:00] Läufer 482 ist angekommen

[2024-04-23 16:19:00] Lauf 5_2 beendet

[2024-04-23 16:19:00] Lauf 5_2 beendet
[2024-04-23 16:19:43] Läufer 1 ist angekommen

[2024-04-23 16:19:43] Lauf 3 beendet

[2024-04-23 16:19:43] Lauf 5_2 beendet

[2024-04-23 16:19:43] Lauf 5_2 beendet
--------------------------------
[2024-04-23 16:20:02] Waldlauf-Programm gestartet.
--------------------------------

[2024-04-23 16:20:03] Lauf 5_2 beendet
--------------------------------
[2024-04-23 16:20:33] Waldlauf-Programm gestartet.
--------------------------------

[2024-04-23 16:20:34] Lauf 5_2 beendet

[2024-04-23 16:20:39] Lauf 3 gestartet
[2024-04-23 16:20:41] Läufer 1 ist angekommen

[2024-04-23 16:20:41] Lauf 3 beendet

[2024-04-23 16:20:41] Lauf 5_2 beendet

[2024-04-23 16:20:41] Lauf 5_2 beendet
--------------------------------
[2024-04-23 16:22:21] Waldlauf-Programm gestartet.
--------------------------------

[2024-04-23 16:22:21] Lauf 5_2 beendet

[2024-04-23 16:22:27] Lauf 3 gestartet
[2024-04-23 16:22:33] Läufer 1 ist angekommen

[2024-04-23 16:22:33] Lauf 3 beendet

[2024-04-23 16:22:33] Lauf 5_2 beendet

[2024-04-23 16:22:33] Lauf 5_2 beendet
--------------------------------
[2024-04-23 23:00:45] Waldlauf-Programm gestartet.
--------------------------------

[2024-04-23 23:00:46] Lauf 5_2 beendet

[2024-04-23 23:00:51] Lauf 3 gestartet
[2024-04-23 23:00:53] Läufer 1 ist angekommen

[2024-04-23 23:00:53] Lauf 3 beendet

[2024-04-23 23:00:53] Lauf 5_2 beendet

[2024-04-23 23:00:53] Lauf 5_2 beendet
--------------------------------
[2024-04-23 23:02:34] Waldlauf-Programm gestartet.
--------------------------------

[2024-04-23 23:02:34] Lauf 5_2 beendet

[2024-04-23 23:02:36] Lauf 3 gestartet
[2024-04-23 23:02:37] Läufer 1 ist angekommen

[2024-04-23 23:02:37] Lauf 3 beendet

[2024-04-23 23:02:37] Lauf 5_2 beendet

[2024-04-23 23:02:37] Lauf 5_2 beendet

[2024-04-23 23:02:48] Lauf 10 gestartet
[2024-04-23 23:02:49] Läufer 3 ist angekommen

[2024-04-23 23:02:49] Lauf 3 beendet

[2024-04-23 23:02:49] Lauf 5_2 beendet

[2024-04-23 23:02:49] Lauf 5_2 beendet
[2024-04-23 23:03:23] Läufer 4 ist angekommen

[2024-04-23 23:03:23] Lauf 3 beendet

[2024-04-23 23:03:23] Lauf 5_2 beendet

[2024-04-23 23:03:23] Lauf 5_2 beendet
--------------------------------
[2024-04-23 23:13:57] Waldlauf-Programm gestartet.
--------------------------------

[2024-04-23 23:13:58] Lauf 5_2 beendet

[2024-04-23 23:14:06] Lauf 3 gestartet
[2024-04-23 23:14:07] Läufer 1 ist angekommen

[2024-04-23 23:14:07] Lauf 3 beendet

[2024-04-23 23:14:07] Lauf 5_2 beendet

[2024-04-23 23:14:07] Lauf 5_2 beendet
--------------------------------
[2024-04-23 23:18:21] Waldlauf-Programm gestartet.
--------------------------------

[2024-04-23 23:18:21] Lauf 5_2 beendet

[2024-04-23 23:18:24] Lauf 3 gestartet
[2024-04-23 23:18:25] Läufer 1 ist angekommen

[2024-04-23 23:18:25] Lauf 3 beendet

[2024-04-23 23:18:25] Lauf 5_2 beendet

[2024-04-23 23:18:25] Lauf 5_2 beendet
--------------------------------
[2024-04-23 23:19:10] Waldlauf-Programm gestartet.
--------------------------------

[2024-04-23 23:19:11] Lauf 5_2 beendet

[2024-04-23 23:19:13] Lauf 3 gestartet
[2024-04-23 23:19:14] Läufer 1 ist angekommen

[2024-04-23 23:19:14] Lauf 3 beendet

[2024-04-23 23:19:14] Lauf 5_2 beendet

[2024-04-23 23:19:14] Lauf 5_2 beendet
--------------------------------
[2024-04-23 23:19:30] Waldlauf-Programm gestartet.
--------------------------------

[2024-04-23 23:19:31] Lauf 5_2 beendet

[2024-04-23 23:19:34] Lauf 3 gestartet
[2024-04-23 23:19:35] Läufer 1 ist angekommen

[2024-04-23 23:19:35] Lauf 3 beendet

[2024-04-23 23:19:35] Lauf 5_2 beendet

[2024-04-23 23:19:35] Lauf 5_2 beendet

[2024-04-23 23:19:37] Lauf 10 gestartet
[2024-04-23 23:19:39] Läufer 3 ist angekommen

[2024-04-23 23:19:39] Lauf 3 beendet

[2024-04-23 23:19:39] Lauf 5_2 beendet

[2024-04-23 23:19:39] Lauf 5_2 beendet

[2024-04-23 23:19:41] Lauf 5_1 gestartet
[2024-04-23 23:19:41] Läufer 2 ist angekommen

[2024-04-23 23:19:41] Lauf 3 beendet

[2024-04-23 23:19:41] Lauf 5_1 beendet

[2024-04-23 23:19:41] Lauf 5_2 beendet

[2024-04-23 23:19:41] Lauf 5_2 beendet
[2024-04-23 23:19:44] Läufer 4 ist angekommen

[2024-04-23 23:19:44] Lauf 3 beendet

[2024-04-23 23:19:44] Lauf 5_1 beendet

[2024-04-23 23:19:44] Lauf 5_2 beendet

[2024-04-23 23:19:44] Lauf 5_2 beendet
[2024-04-23 23:19:51] Läufer 5 ist angekommen

[2024-04-23 23:19:51] Lauf 3 beendet

[2024-04-23 23:19:51] Lauf 5_1 beendet

[2024-04-23 23:19:51] Lauf 5_2 beendet

[2024-04-23 23:19:51] Lauf 5_2 beendet
[2024-04-23 23:19:52] Läufer 6 ist angekommen

[2024-04-23 23:19:52] Lauf 3 beendet

[2024-04-23 23:19:52] Lauf 5_1 beendet

[2024-04-23 23:19:52] Lauf 5_2 beendet

[2024-04-23 23:19:52] Lauf 5_2 beendet
[2024-04-23 23:19:53] Läufer 7 ist angekommen

[2024-04-23 23:19:53] Lauf 3 beendet

[2024-04-23 23:19:53] Lauf 5_1 beendet

[2024-04-23 23:19:53] Lauf 5_2 beendet

[2024-04-23 23:19:53] Lauf 5_2 beendet
[2024-04-23 23:19:54] Läufer 8 ist angekommen

[2024-04-23 23:19:54] Lauf 3 beendet

[2024-04-23 23:19:54] Lauf 5_1 beendet

[2024-04-23 23:19:54] Lauf 5_2 beendet

[2024-04-23 23:19:54] Lauf 5_2 beendet
[2024-04-23 23:19:55] Läufer 9 ist angekommen

[2024-04-23 23:19:55] Lauf 3 beendet

[2024-04-23 23:19:55] Lauf 5_1 beendet

[2024-04-23 23:19:55] Lauf 5_2 beendet

[2024-04-23 23:19:55] Lauf 5_2 beendet
[2024-04-23 23:19:56] Läufer 10 ist angekommen

[2024-04-23 23:19:56] Lauf 3 beendet

[2024-04-23 23:19:56] Lauf 5_1 beendet

[2024-04-23 23:19:56] Lauf 5_2 beendet

[2024-04-23 23:19:56] Lauf 5_2 beendet

[2024-04-23 23:19:56] Lauf 10 beendet
--------------------------------
[2024-04-23 23:21:23] Waldlauf-Programm gestartet.
--------------------------------

[2024-04-23 23:21:24] Lauf 5_2 beendet

[2024-04-23 23:21:37] Lauf 3 gestartet

[2024-04-23 23:21:38] Lauf 5_1 gestartet

[2024-04-23 23:21:39] Lauf 10 gestartet
[2024-04-23 23:21:43] Läufer 1 ist angekommen

[2024-04-23 23:21:43] Lauf 3 beendet

[2024-04-23 23:21:43] Lauf 5_2 beendet

[2024-04-23 23:21:43] Lauf 5_2 beendet
[2024-04-23 23:21:44] Läufer 2 ist angekommen

[2024-04-23 23:21:44] Lauf 3 beendet

[2024-04-23 23:21:44] Lauf 5_1 beendet

[2024-04-23 23:21:44] Lauf 5_2 beendet

[2024-04-23 23:21:44] Lauf 5_2 beendet
[2024-04-23 23:21:45] Läufer 3 ist angekommen

[2024-04-23 23:21:45] Lauf 3 beendet

[2024-04-23 23:21:45] Lauf 5_1 beendet

[2024-04-23 23:21:45] Lauf 5_2 beendet

[2024-04-23 23:21:45] Lauf 5_2 beendet
[2024-04-23 23:21:46] Läufer 4 ist angekommen

[2024-04-23 23:21:46] Lauf 3 beendet

[2024-04-23 23:21:46] Lauf 5_1 beendet

[2024-04-23 23:21:46] Lauf 5_2 beendet

[2024-04-23 23:21:46] Lauf 5_2 beendet
[2024-04-23 23:21:47] Läufer 5 ist angekommen

[2024-04-23 23:21:47] Lauf 3 beendet

[2024-04-23 23:21:47] Lauf 5_1 beendet

[2024-04-23 23:21:47] Lauf 5_2 beendet

[2024-04-23 23:21:47] Lauf 5_2 beendet
[2024-04-23 23:21:47] Läufer 6 ist angekommen

[2024-04-23 23:21:47] Lauf 3 beendet

[2024-04-23 23:21:47] Lauf 5_1 beendet

[2024-04-23 23:21:47] Lauf 5_2 beendet

[2024-04-23 23:21:48] Lauf 5_2 beendet
[2024-04-23 23:21:50] Läufer 7 ist angekommen

[2024-04-23 23:21:50] Lauf 3 beendet

[2024-04-23 23:21:50] Lauf 5_1 beendet

[2024-04-23 23:21:50] Lauf 5_2 beendet

[2024-04-23 23:21:50] Lauf 5_2 beendet
[2024-04-23 23:21:51] Läufer 8 ist angekommen

[2024-04-23 23:21:51] Lauf 3 beendet

[2024-04-23 23:21:51] Lauf 5_1 beendet

[2024-04-23 23:21:51] Lauf 5_2 beendet

[2024-04-23 23:21:51] Lauf 5_2 beendet
[2024-04-23 23:21:51] Läufer 9 ist angekommen

[2024-04-23 23:21:51] Lauf 3 beendet

[2024-04-23 23:21:51] Lauf 5_1 beendet

[2024-04-23 23:21:51] Lauf 5_2 beendet

[2024-04-23 23:21:51] Lauf 5_2 beendet
[2024-04-23 23:21:52] Läufer 10 ist angekommen

[2024-04-23 23:21:52] Lauf 3 beendet

[2024-04-23 23:21:52] Lauf 5_1 beendet

[2024-04-23 23:21:52] Lauf 5_2 beendet

[2024-04-23 23:21:52] Lauf 5_2 beendet

[2024-04-23 23:21:52] Lauf 10 beendet
--------------------------------
[2024-04-23 23:22:54] Waldlauf-Programm gestartet.
--------------------------------

[2024-04-23 23:22:54] Lauf 5_2 beendet

[2024-04-23 23:23:01] Lauf 10 gestartet
[2024-04-23 23:23:03] Läufer 101 ist angekommen

[2024-04-23 23:23:04] Lauf 5_2 beendet

[2024-04-23 23:23:04] Lauf 5_2 beendet

[2024-04-23 23:23:06] Lauf 3 gestartet

[2024-04-23 23:23:07] Lauf 5_1 gestartet
[2024-04-23 23:23:10] Läufer 223 ist angekommen

[2024-04-23 23:23:10] Lauf 5_1 beendet

[2024-04-23 23:23:10] Lauf 5_2 beendet

[2024-04-23 23:23:10] Lauf 5_2 beendet
--------------------------------
[2024-04-23 23:24:26] Waldlauf-Programm gestartet.
--------------------------------

[2024-04-23 23:24:26] Lauf 5_2 beendet

[2024-04-23 23:24:32] Lauf 3 gestartet

[2024-04-23 23:24:33] Lauf 5_1 gestartet

[2024-04-23 23:24:34] Lauf 10 gestartet
[2024-04-23 23:24:43] Läufer 145 ist angekommen

[2024-04-23 23:24:43] Lauf 3 beendet

[2024-04-23 23:24:43] Lauf 5_2 beendet

[2024-04-23 23:24:43] Lauf 5_2 beendet
--------------------------------
[2024-04-23 23:25:07] Waldlauf-Programm gestartet.
--------------------------------

[2024-04-23 23:25:07] Lauf 5_2 beendet

[2024-04-23 23:25:12] Lauf 3 gestartet
[2024-04-23 23:25:14] Läufer 145 ist angekommen

[2024-04-23 23:25:14] Lauf 3 beendet

[2024-04-23 23:25:14] Lauf 5_2 beendet

[2024-04-23 23:25:14] Lauf 5_2 beendet

[2024-04-23 23:25:18] Lauf 5_1 gestartet
[2024-04-23 23:25:20] Läufer 223 ist angekommen

[2024-04-23 23:25:20] Lauf 3 beendet

[2024-04-23 23:25:20] Lauf 5_1 beendet

[2024-04-23 23:25:20] Lauf 5_2 beendet

[2024-04-23 23:25:20] Lauf 5_2 beendet

[2024-04-23 23:25:26] Lauf 10 gestartet
[2024-04-23 23:25:44] Läufer 101 ist angekommen

[2024-04-23 23:25:44] Lauf 3 beendet

[2024-04-23 23:25:44] Lauf 5_1 beendet

[2024-04-23 23:25:44] Lauf 5_2 beendet

[2024-04-23 23:25:45] Lauf 5_2 beendet
[2024-04-23 23:25:45] Läufer 389 ist angekommen

[2024-04-23 23:25:45] Lauf 3 beendet

[2024-04-23 23:25:45] Lauf 5_1 beendet

[2024-04-23 23:25:45] Lauf 5_2 beendet

[2024-04-23 23:25:45] Lauf 5_2 beendet
[2024-04-23 23:25:51] Läufer 474 ist angekommen

[2024-04-23 23:25:51] Lauf 3 beendet

[2024-04-23 23:25:51] Lauf 5_1 beendet

[2024-04-23 23:25:51] Lauf 5_2 beendet

[2024-04-23 23:25:51] Lauf 5_2 beendet
[2024-04-23 23:25:54] Läufer 590 ist angekommen

[2024-04-23 23:25:54] Lauf 3 beendet

[2024-04-23 23:25:54] Lauf 5_1 beendet

[2024-04-23 23:25:54] Lauf 5_2 beendet

[2024-04-23 23:25:54] Lauf 5_2 beendet
[2024-04-23 23:25:59] Läufer 612 ist angekommen

[2024-04-23 23:25:59] Lauf 3 beendet

[2024-04-23 23:25:59] Lauf 5_1 beendet

[2024-04-23 23:25:59] Lauf 5_2 beendet

[2024-04-23 23:25:59] Lauf 5_2 beendet
--------------------------------
[2024-04-23 23:29:37] Waldlauf-Programm gestartet.
--------------------------------

[2024-04-23 23:29:37] Lauf 5_2 beendet

[2024-04-23 23:29:39] Lauf 3 gestartet

[2024-04-23 23:29:40] Lauf 5_1 gestartet

[2024-04-23 23:29:42] Lauf 10 gestartet
[2024-04-23 23:29:46] Läufer 145 ist angekommen

[2024-04-23 23:29:46] Lauf 3 beendet

[2024-04-23 23:29:46] Lauf 5_2 beendet

[2024-04-23 23:29:46] Lauf 5_2 beendet
[2024-04-23 23:30:06] Läufer 101 ist angekommen

[2024-04-23 23:30:06] Lauf 3 beendet

[2024-04-23 23:30:06] Lauf 5_2 beendet

[2024-04-23 23:30:06] Lauf 5_2 beendet
[2024-04-23 23:30:14] Läufer 389 ist angekommen

[2024-04-23 23:30:14] Lauf 3 beendet

[2024-04-23 23:30:14] Lauf 5_2 beendet

[2024-04-23 23:30:14] Lauf 5_2 beendet
--------------------------------
[2024-04-23 23:30:51] Waldlauf-Programm gestartet.
--------------------------------

[2024-04-23 23:30:52] Lauf 5_2 beendet

[2024-04-23 23:31:00] Lauf 3 gestartet
[2024-04-23 23:31:17] Läufer 145 ist angekommen

[2024-04-23 23:31:17] Lauf 3 beendet

[2024-04-23 23:31:17] Lauf 5_2 beendet

[2024-04-23 23:31:17] Lauf 5_2 beendet
--------------------------------
[2024-04-23 23:32:25] Waldlauf-Programm gestartet.
--------------------------------

[2024-04-23 23:32:25] Lauf 5_2 beendet

[2024-04-23 23:32:27] Lauf 3 gestartet
[2024-04-23 23:32:29] Läufer 145 ist angekommen

[2024-04-23 23:32:29] Lauf 3 beendet

[2024-04-23 23:32:29] Lauf 5_2 beendet

[2024-04-23 23:32:29] Lauf 5_2 beendet
--------------------------------
[2024-04-23 23:34:19] Waldlauf-Programm gestartet.
--------------------------------

[2024-04-23 23:34:20] Lauf 5_2 beendet

[2024-04-23 23:34:23] Lauf 3 gestartet
[2024-04-23 23:34:25] Läufer 145 ist angekommen

[2024-04-23 23:34:25] Lauf 3 beendet

[2024-04-23 23:34:25] Lauf 5_2 beendet

[2024-04-23 23:34:25] Lauf 5_2 beendet

[2024-04-23 23:34:30] Lauf 10 gestartet
[2024-04-23 23:34:34] Läufer 101 ist angekommen

[2024-04-23 23:34:34] Lauf 3 beendet

[2024-04-23 23:34:34] Lauf 5_2 beendet

[2024-04-23 23:34:34] Lauf 5_2 beendet
[2024-04-23 23:34:34] Läufer 389 ist angekommen

[2024-04-23 23:34:35] Lauf 3 beendet

[2024-04-23 23:34:35] Lauf 5_2 beendet

[2024-04-23 23:34:35] Lauf 5_2 beendet
[2024-04-23 23:34:42] Läufer 474 ist angekommen

[2024-04-23 23:34:42] Lauf 3 beendet

[2024-04-23 23:34:42] Lauf 5_2 beendet

[2024-04-23 23:34:42] Lauf 5_2 beendet
[2024-04-23 23:34:47] Läufer 590 ist angekommen

[2024-04-23 23:34:47] Lauf 3 beendet

[2024-04-23 23:34:47] Lauf 5_2 beendet

[2024-04-23 23:34:47] Lauf 5_2 beendet
[2024-04-23 23:34:53] Läufer 612 ist angekommen

[2024-04-23 23:34:53] Lauf 3 beendet

[2024-04-23 23:34:53] Lauf 5_2 beendet

[2024-04-23 23:34:53] Lauf 5_2 beendet
